Loaded Prisma config from prisma.config.ts.

Prisma schema loaded from prisma\schema.

Error: Prisma schema validation - (validate wasm)
Error code: P1012
[1;91merror[0m: [1mError validating field `serviceBundle` in model `CartItem`: The relation field `serviceBundle` on model `CartItem` is missing an opposite relation field on the model `ServiceBundle`. Either run `prisma format` or add it manually.[0m
  [1;94m-->[0m  [4mprisma\schema\cart.prisma:21[0m
[1;94m   | [0m
[1;94m20 | [0m  serviceBundleId String?
[1;94m21 | [0m  [1;91mserviceBundle   ServiceBundle? @relation(fields: [serviceBundleId], references: [id], onDelete: Cascade)[0m
[1;94m22 | [0m
[1;94m   | [0m
[1;91merror[0m: [1mError validating field `serviceBundle` in model `OrderItem`: The relation field `serviceBundle` on model `OrderItem` is missing an opposite relation field on the model `ServiceBundle`. Either run `prisma format` or add it manually.[0m
  [1;94m-->[0m  [4mprisma\schema\order.prisma:53[0m
[1;94m   | [0m
[1;94m52 | [0m  serviceBundleId String?
[1;94m53 | [0m  [1;91mserviceBundle   ServiceBundle? @relation(fields: [serviceBundleId], references: [id], onDelete: Cascade)[0m
[1;94m54 | [0m
[1;94m   | [0m

Validation Error Count: 2
[Context: validate]

Prisma CLI Version : 7.5.0
